 WARN  Unsupported engine: wanted: {"node":">=20.11.0"} (current: {"node":"v18.19.1","pnpm":"8.15.0"})

> requiem@1.0.0 verify:ci /mnt/c/Users/scott/GitHub/Requiem
> npm-run-all verify verify:cpp verify:ai verify:routes verify:contracts verify:ratchet verify:entropy

 WARN  Unsupported engine: wanted: {"node":">=20.11.0"} (current: {"node":"v18.19.1","pnpm":"8.15.0"})

> requiem@1.0.0 verify /mnt/c/Users/scott/GitHub/Requiem
> npm-run-all --parallel lint typecheck verify:boundaries

 WARN  Unsupported engine: wanted: {"node":">=20.11.0"} (current: {"node":"v18.19.1","pnpm":"8.15.0"})

> requiem@1.0.0 typecheck /mnt/c/Users/scott/GitHub/Requiem
> pnpm --filter ready-layer type-check

 WARN  Unsupported engine: wanted: {"node":">=20.11.0"} (current: {"node":"v18.19.1","pnpm":"8.15.0"})

> requiem@1.0.0 lint /mnt/c/Users/scott/GitHub/Requiem
> pnpm --filter ready-layer lint

 WARN  Unsupported engine: wanted: {"node":">=20.11.0"} (current: {"node":"v18.19.1","pnpm":"8.15.0"})

> requiem@1.0.0 verify:boundaries /mnt/c/Users/scott/GitHub/Requiem
> node scripts/verify-ui-boundaries.mjs

Verifying UI package boundaries...

Found 23 TypeScript files

=== Verification Results ===

✓ All checks passed!

.                                        |  WARN  Unsupported engine: wanted: {"node":">=20.11.0"} (current: {"node":"v18.19.1","pnpm":"8.15.0"})
packages/cli                             |  WARN  Unsupported engine: wanted: {"node":">=20.11.0"} (current: {"node":"v18.19.1","pnpm":"8.15.0"})

> ready-layer@1.0.0 type-check /mnt/c/Users/scott/GitHub/Requiem/ready-layer
> tsc --noEmit

.                                        |  WARN  Unsupported engine: wanted: {"node":">=20.11.0"} (current: {"node":"v18.19.1","pnpm":"8.15.0"})
packages/cli                             |  WARN  Unsupported engine: wanted: {"node":">=20.11.0"} (current: {"node":"v18.19.1","pnpm":"8.15.0"})

> ready-layer@1.0.0 lint /mnt/c/Users/scott/GitHub/Requiem/ready-layer
> eslint .

