 WARN  Unsupported engine: wanted: {"node":">=20.11.0"} (current: {"node":"v18.19.1","pnpm":"8.15.0"})

> requiem@1.0.0 verify:full /mnt/c/Users/scott/GitHub/Requiem
> npm-run-all lint typecheck verify:boundaries build:web

 WARN  Unsupported engine: wanted: {"node":">=20.11.0"} (current: {"node":"v18.19.1","pnpm":"8.15.0"})

> requiem@1.0.0 lint /mnt/c/Users/scott/GitHub/Requiem
> pnpm --filter ready-layer lint

.                                        |  WARN  Unsupported engine: wanted: {"node":">=20.11.0"} (current: {"node":"v18.19.1","pnpm":"8.15.0"})
packages/cli                             |  WARN  Unsupported engine: wanted: {"node":">=20.11.0"} (current: {"node":"v18.19.1","pnpm":"8.15.0"})

> ready-layer@1.0.0 lint /mnt/c/Users/scott/GitHub/Requiem/ready-layer
> eslint .

 WARN  Unsupported engine: wanted: {"node":">=20.11.0"} (current: {"node":"v18.19.1","pnpm":"8.15.0"})

> requiem@1.0.0 typecheck /mnt/c/Users/scott/GitHub/Requiem
> pnpm --filter ready-layer type-check

.                                        |  WARN  Unsupported engine: wanted: {"node":">=20.11.0"} (current: {"node":"v18.19.1","pnpm":"8.15.0"})
packages/cli                             |  WARN  Unsupported engine: wanted: {"node":">=20.11.0"} (current: {"node":"v18.19.1","pnpm":"8.15.0"})

> ready-layer@1.0.0 type-check /mnt/c/Users/scott/GitHub/Requiem/ready-layer
> tsc --noEmit

 WARN  Unsupported engine: wanted: {"node":">=20.11.0"} (current: {"node":"v18.19.1","pnpm":"8.15.0"})

> requiem@1.0.0 verify:boundaries /mnt/c/Users/scott/GitHub/Requiem
> node scripts/verify-ui-boundaries.mjs

Verifying UI package boundaries...

Found 23 TypeScript files

=== Verification Results ===

✓ All checks passed!

 WARN  Unsupported engine: wanted: {"node":">=20.11.0"} (current: {"node":"v18.19.1","pnpm":"8.15.0"})

> requiem@1.0.0 build:web /mnt/c/Users/scott/GitHub/Requiem
> pnpm --filter ready-layer build

.                                        |  WARN  Unsupported engine: wanted: {"node":">=20.11.0"} (current: {"node":"v18.19.1","pnpm":"8.15.0"})
packages/cli                             |  WARN  Unsupported engine: wanted: {"node":">=20.11.0"} (current: {"node":"v18.19.1","pnpm":"8.15.0"})

> ready-layer@1.0.0 build /mnt/c/Users/scott/GitHub/Requiem/ready-layer
> npm run lint && npm run type-check && next build


> ready-layer@1.0.0 lint
> eslint .

