 WARN  Unsupported engine: wanted: {"node":">=20.11.0"} (current: {"node":"v18.19.1","pnpm":"8.15.0"})

> requiem@1.0.0 verify:integrity /mnt/c/Users/scott/GitHub/Requiem
> pnpm --filter ready-layer verify:integrity

.                                        |  WARN  Unsupported engine: wanted: {"node":">=20.11.0"} (current: {"node":"v18.19.1","pnpm":"8.15.0"})
packages/cli                             |  WARN  Unsupported engine: wanted: {"node":">=20.11.0"} (current: {"node":"v18.19.1","pnpm":"8.15.0"})

> ready-layer@1.0.0 verify:integrity /mnt/c/Users/scott/GitHub/Requiem/ready-layer
> tsx scripts/verify-integrity.ts

node:internal/errors:496
    ErrorCaptureStackTrace(err);
    ^

Error: listen ENOTSUP: operation not supported on socket /mnt/c/Users/scott/AppData/Local/Temp/tsx-1000/7919.pipe
    at Server.setupListenHandle [as _listen2] (node:net:1794:21)
    at listenInCluster (node:net:1859:12)
    at Server.listen (node:net:1958:5)
    at file:///mnt/c/Users/scott/GitHub/Requiem/node_modules/.pnpm/tsx@4.21.0/node_modules/tsx/dist/cli.mjs:53:31537
    at new Promise (<anonymous>)
    at createIpcServer (file:///mnt/c/Users/scott/GitHub/Requiem/node_modules/.pnpm/tsx@4.21.0/node_modules/tsx/dist/cli.mjs:53:31515)
    at async file:///mnt/c/Users/scott/GitHub/Requiem/node_modules/.pnpm/tsx@4.21.0/node_modules/tsx/dist/cli.mjs:55:459 {
  code: 'ENOTSUP',
  errno: -95,
  syscall: 'listen',
  address: '/mnt/c/Users/scott/AppData/Local/Temp/tsx-1000/7919.pipe',
  port: -1
}

Node.js v18.19.1
/mnt/c/Users/scott/GitHub/Requiem/ready-layer:
 ERR_PNPM_RECURSIVE_RUN_FIRST_FAIL  ready-layer@1.0.0 verify:integrity: `tsx scripts/verify-integrity.ts`
Exit status 1
 ELIFECYCLE  Command failed with exit code 1.
