
> ready-layer@1.0.0 verify:policy
> tsx scripts/verify-policy.ts

node:internal/errors:496
    ErrorCaptureStackTrace(err);
    ^

Error: listen ENOTSUP: operation not supported on socket /mnt/c/Users/scott/AppData/Local/Temp/tsx-1000/11956.pipe
    at Server.setupListenHandle [as _listen2] (node:net:1794:21)
    at listenInCluster (node:net:1859:12)
    at Server.listen (node:net:1958:5)
    at file:///mnt/c/Users/scott/GitHub/Requiem/node_modules/.pnpm/tsx@4.21.0/node_modules/tsx/dist/cli.mjs:53:31537
    at new Promise (<anonymous>)
    at createIpcServer (file:///mnt/c/Users/scott/GitHub/Requiem/node_modules/.pnpm/tsx@4.21.0/node_modules/tsx/dist/cli.mjs:53:31515)
    at async file:///mnt/c/Users/scott/GitHub/Requiem/node_modules/.pnpm/tsx@4.21.0/node_modules/tsx/dist/cli.mjs:55:459 {
  code: 'ENOTSUP',
  errno: -95,
  syscall: 'listen',
  address: '/mnt/c/Users/scott/AppData/Local/Temp/tsx-1000/11956.pipe',
  port: -1
}

Node.js v18.19.1
